<?xml version="1.0" encoding="UTF-8"?>
<!-- Generated by org.testng.reporters.JUnitXMLReporter -->
<testsuite hostname="DESKTOP-92RCTKU" ignored="0" name="Test" tests="3" failures="0" timestamp="12 Sep 2019 11:57:41 GMT" time="162.279" errors="0">
  <testcase name="AdminLoginTest" time="21.479" classname="com.training.sanity.tests.pack2.AdminLogInTest"/>
  <testcase name="AdminCategoryTest" time="22.473" classname="com.training.sanity.tests.pack2.AddCategoryTest"/>
  <testcase name="EditMetaData" time="13.68" classname="com.training.sanity.tests.pack2.EditMetaTagTest"/>
</testsuite> <!-- Test -->
