<?xml version="1.0" encoding="UTF-8"?>
<testng-results skipped="0" failed="0" ignored="0" total="1" passed="1">
  <reporter-output>
  </reporter-output>
  <suite name="Default suite" duration-ms="40777" started-at="2019-09-07T06:09:44Z" finished-at="2019-09-07T06:10:24Z">
    <groups>
    </groups>
    <test name="Default test" duration-ms="40777" started-at="2019-09-07T06:09:44Z" finished-at="2019-09-07T06:10:24Z">
      <class name="com.training.sanity.tests.AddProductTest">
        <test-method status="PASS" signature="setUpBeforeClass()[pri:0, instance:com.training.sanity.tests.AddProductTest@39c0f4a]" name="setUpBeforeClass" is-config="true" duration-ms="16635" started-at="2019-09-07T06:09:44Z" finished-at="2019-09-07T06:10:00Z">
          <reporter-output>
          </reporter-output>
        </test-method> <!-- setUpBeforeClass -->
        <test-method status="PASS" signature="AddProduct()[pri:0, instance:com.training.sanity.tests.AddProductTest@39c0f4a]" name="AddProduct" duration-ms="22232" started-at="2019-09-07T06:10:00Z" finished-at="2019-09-07T06:10:23Z">
          <reporter-output>
          </reporter-output>
        </test-method> <!-- AddProduct -->
        <test-method status="PASS" signature="tearDown()[pri:0, instance:com.training.sanity.tests.AddProductTest@39c0f4a]" name="tearDown" is-config="true" duration-ms="1865" started-at="2019-09-07T06:10:23Z" finished-at="2019-09-07T06:10:24Z">
          <reporter-output>
          </reporter-output>
        </test-method> <!-- tearDown -->
      </class> <!-- com.training.sanity.tests.AddProductTest -->
    </test> <!-- Default test -->
  </suite> <!-- Default suite -->
</testng-results>
