<?xml version="1.0" encoding="UTF-8"?>
<!-- Generated by org.testng.reporters.JUnitXMLReporter -->
<testsuite hostname="DESKTOP-92RCTKU" ignored="0" name="Sample test" tests="5" failures="0" timestamp="03 Sep 2019 11:33:45 GMT" time="133.588" errors="0">
  <testcase name="validLoginTest" time="13.794" classname="com.training.sanity.tests.LoginTests"/>
  <testcase name="validLoginTest" time="7.036" classname="com.training.sanity.tests.LoginTests"/>
  <testcase name="validateChangePassword" time="11.834" classname="com.training.sanity.tests.ChangePasswordTest"/>
  <testcase name="validLoginTest" time="23.294" classname="com.training.sanity.tests.SearchProductTest"/>
  <testcase name="AddProduct" time="33.739" classname="com.training.sanity.tests.AddProductTest"/>
</testsuite> <!-- Sample test -->
